<?xml version="1.0" encoding="UTF-8"?>
<testng-results ignored="0" total="13" passed="13" failed="0" skipped="0">
  <reporter-output>
  </reporter-output>
  <suite started-at="2025-02-24T13:37:14 CST" name="APITestingSuite" finished-at="2025-02-24T13:37:17 CST" duration-ms="3533">
    <groups>
    </groups>
    <test started-at="2025-02-24T13:37:14 CST" name="PostsTests" finished-at="2025-02-24T13:37:17 CST" duration-ms="3169">
      <class name="com.david.tests.TestPosts">
        <test-method signature="testGetPostByInvalidId()[pri:0, instance:com.david.tests.TestPosts@7e0b85f9]" started-at="2025-02-24T13:37:14 CST" name="testGetPostByInvalidId" finished-at="2025-02-24T13:37:16 CST" duration-ms="2076" status="PASS">
          <reporter-output>
          </reporter-output>
        </test-method> <!-- testGetPostByInvalidId -->
        <test-method signature="testGetPostById()[pri:0, instance:com.david.tests.TestPosts@7e0b85f9]" started-at="2025-02-24T13:37:14 CST" name="testGetPostById" finished-at="2025-02-24T13:37:16 CST" duration-ms="2076" status="PASS">
          <reporter-output>
          </reporter-output>
        </test-method> <!-- testGetPostById -->
        <test-method signature="testDeletePost()[pri:0, instance:com.david.tests.TestPosts@7e0b85f9]" started-at="2025-02-24T13:37:14 CST" name="testDeletePost" finished-at="2025-02-24T13:37:16 CST" duration-ms="2156" status="PASS">
          <reporter-output>
          </reporter-output>
        </test-method> <!-- testDeletePost -->
        <test-method signature="testCreatePost()[pri:0, instance:com.david.tests.TestPosts@7e0b85f9]" started-at="2025-02-24T13:37:14 CST" name="testCreatePost" finished-at="2025-02-24T13:37:16 CST" duration-ms="2866" status="PASS">
          <reporter-output>
          </reporter-output>
        </test-method> <!-- testCreatePost -->
        <test-method signature="testGetPosts()[pri:0, instance:com.david.tests.TestPosts@7e0b85f9]" started-at="2025-02-24T13:37:16 CST" name="testGetPosts" finished-at="2025-02-24T13:37:16 CST" duration-ms="345" status="PASS">
          <reporter-output>
          </reporter-output>
        </test-method> <!-- testGetPosts -->
        <test-method signature="testGetPostUserId()[pri:0, instance:com.david.tests.TestPosts@7e0b85f9]" started-at="2025-02-24T13:37:16 CST" name="testGetPostUserId" finished-at="2025-02-24T13:37:16 CST" duration-ms="787" status="PASS">
          <reporter-output>
          </reporter-output>
        </test-method> <!-- testGetPostUserId -->
        <test-method signature="testPatchPost()[pri:0, instance:com.david.tests.TestPosts@7e0b85f9]" started-at="2025-02-24T13:37:16 CST" name="testPatchPost" finished-at="2025-02-24T13:37:16 CST" duration-ms="676" status="PASS">
          <reporter-output>
          </reporter-output>
        </test-method> <!-- testPatchPost -->
        <test-method signature="testUpdatePost()[pri:0, instance:com.david.tests.TestPosts@7e0b85f9]" started-at="2025-02-24T13:37:16 CST" name="testUpdatePost" finished-at="2025-02-24T13:37:16 CST" duration-ms="445" status="PASS">
          <reporter-output>
          </reporter-output>
        </test-method> <!-- testUpdatePost -->
        <test-method signature="testUpdatePostInvalidId()[pri:0, instance:com.david.tests.TestPosts@7e0b85f9]" started-at="2025-02-24T13:37:16 CST" name="testUpdatePostInvalidId" finished-at="2025-02-24T13:37:17 CST" duration-ms="297" status="PASS">
          <reporter-output>
          </reporter-output>
        </test-method> <!-- testUpdatePostInvalidId -->
      </class> <!-- com.david.tests.TestPosts -->
    </test> <!-- PostsTests -->
    <test started-at="2025-02-24T13:37:17 CST" name="CommentsTests" finished-at="2025-02-24T13:37:17 CST" duration-ms="334">
      <class name="com.david.tests.TestComments">
        <test-method signature="testGetCommentNameByPostId()[pri:0, instance:com.david.tests.TestComments@5af3afd9]" started-at="2025-02-24T13:37:17 CST" name="testGetCommentNameByPostId" finished-at="2025-02-24T13:37:17 CST" duration-ms="331" status="PASS">
          <reporter-output>
          </reporter-output>
        </test-method> <!-- testGetCommentNameByPostId -->
        <test-method signature="testGetCommentsFromPostByQueryParamInvalidId()[pri:0, instance:com.david.tests.TestComments@5af3afd9]" started-at="2025-02-24T13:37:17 CST" name="testGetCommentsFromPostByQueryParamInvalidId" finished-at="2025-02-24T13:37:17 CST" duration-ms="261" status="PASS">
          <reporter-output>
          </reporter-output>
        </test-method> <!-- testGetCommentsFromPostByQueryParamInvalidId -->
        <test-method signature="testGetCommentsFromPost()[pri:0, instance:com.david.tests.TestComments@5af3afd9]" started-at="2025-02-24T13:37:17 CST" name="testGetCommentsFromPost" finished-at="2025-02-24T13:37:17 CST" duration-ms="245" status="PASS">
          <reporter-output>
          </reporter-output>
        </test-method> <!-- testGetCommentsFromPost -->
        <test-method signature="testGetCommentsFromPostByQueryParam()[pri:0, instance:com.david.tests.TestComments@5af3afd9]" started-at="2025-02-24T13:37:17 CST" name="testGetCommentsFromPostByQueryParam" finished-at="2025-02-24T13:37:17 CST" duration-ms="270" status="PASS">
          <reporter-output>
          </reporter-output>
        </test-method> <!-- testGetCommentsFromPostByQueryParam -->
      </class> <!-- com.david.tests.TestComments -->
    </test> <!-- CommentsTests -->
  </suite> <!-- APITestingSuite -->
</testng-results>
