<?xml version="1.0" encoding="UTF-8"?>
<testsuite xmlns:xsi="http://www.w3.org/2001/XMLSchema-instance" xsi:noNamespaceSchemaLocation="https://maven.apache.org/surefire/maven-surefire-plugin/xsd/surefire-test-report.xsd" version="3.0.2" name="TestSuite" time="9.223" tests="13" errors="0" skipped="0" failures="0">
  <properties>
[...]
</properties>
  <testcase name="testGetPostById" classname="com.david.tests.TestPosts" time="2.635">
    <system-err><![CDATA[SLF4J: Failed to load class "org.slf4j.impl.StaticLoggerBinder".
SLF4J: Defaulting to no-operation (NOP) logger implementation
SLF4J: See http://www.slf4j.org/codes.html#StaticLoggerBinder for further details.
]]></system-err>
  </testcase>
  <testcase name="testDeletePost" classname="com.david.tests.TestPosts" time="0.08"/>
  <testcase name="testGetPostByInvalidId" classname="com.david.tests.TestPosts" time="0.67"/>
  <testcase name="testCreatePost" classname="com.david.tests.TestPosts" time="0.02"/>
  <testcase name="testGetPosts" classname="com.david.tests.TestPosts" time="0.771"/>
  <testcase name="testPatchPost" classname="com.david.tests.TestPosts" time="0.099"/>
  <testcase name="testGetPostUserId" classname="com.david.tests.TestPosts" time="0.179"/>
  <testcase name="testUpdatePostInvalidId" classname="com.david.tests.TestPosts" time="1.382"/>
  <testcase name="testUpdatePost" classname="com.david.tests.TestPosts" time="1.718"/>
  <testcase name="testGetCommentsFromPost" classname="com.david.tests.TestComments" time="0.733"/>
  <testcase name="testGetCommentsFromPostByQueryParam" classname="com.david.tests.TestComments" time="0.008"/>
  <testcase name="testGetCommentNameByPostId" classname="com.david.tests.TestComments" time="0.09"/>
  <testcase name="testGetCommentsFromPostByQueryParamInvalidId" classname="com.david.tests.TestComments" time="1.719"/>
</testsuite>