<?xml version="1.0" encoding="UTF-8"?>
<!-- Generated by org.testng.reporters.JUnitXMLReporter -->
<testsuite ignored="0" hostname="LAPTOP-93KV9PFL" failures="0" tests="6" name="Comments Tests" time="1.623" errors="0" timestamp="2025-02-21T18:17:36 CST">
  <testcase classname="com.david.tests.TestComments" name="testGetCommentEmailByPostId" time="0.633"/>
  <testcase classname="com.david.tests.TestComments" name="testGetCommentBodyByPostId" time="0.704"/>
  <testcase classname="com.david.tests.TestComments" name="testGetCommentsFromPost" time="0.59"/>
  <testcase classname="com.david.tests.TestComments" name="testGetCommentsFromPostByQueryParam" time="0.604"/>
  <testcase classname="com.david.tests.TestComments" name="testGetCommentsFromPostByQueryParamInvalidId" time="0.247"/>
  <testcase classname="com.david.tests.TestComments" name="testGetCommentNameByPostId" time="1.621"/>
</testsuite> <!-- Comments Tests -->
