<?xml version="1.0" encoding="UTF-8"?>
<!-- Generated by org.testng.reporters.JUnitXMLReporter -->
<testsuite ignored="0" hostname="LAPTOP-93KV9PFL" failures="0" tests="4" name="Comments Tests" time="2.464" errors="0" timestamp="2025-02-21T21:02:35 CST">
  <testcase classname="com.david.tests.TestComments" name="testGetCommentsFromPost" time="0.733"/>
  <testcase classname="com.david.tests.TestComments" name="testGetCommentsFromPostByQueryParam" time="0.742"/>
  <testcase classname="com.david.tests.TestComments" name="testGetCommentNameByPostId" time="0.825"/>
  <testcase classname="com.david.tests.TestComments" name="testGetCommentsFromPostByQueryParamInvalidId" time="1.72"/>
</testsuite> <!-- Comments Tests -->
