<?xml version="1.0" encoding="UTF-8"?>
<!-- Generated by org.testng.reporters.JUnitXMLReporter -->
<testsuite ignored="0" hostname="LAPTOP-93KV9PFL" failures="0" tests="9" name="Posts Tests" time="6.054" errors="0" timestamp="2025-02-21T21:02:33 CST">
  <testcase classname="com.david.tests.TestPosts" name="testGetPostById" time="2.63"/>
  <testcase classname="com.david.tests.TestPosts" name="testDeletePost" time="2.72"/>
  <testcase classname="com.david.tests.TestPosts" name="testGetPostByInvalidId" time="0.74"/>
  <testcase classname="com.david.tests.TestPosts" name="testCreatePost" time="3.41"/>
  <testcase classname="com.david.tests.TestPosts" name="testGetPosts" time="0.791"/>
  <testcase classname="com.david.tests.TestPosts" name="testPatchPost" time="0.87"/>
  <testcase classname="com.david.tests.TestPosts" name="testGetPostUserId" time="1.739"/>
  <testcase classname="com.david.tests.TestPosts" name="testUpdatePostInvalidId" time="1.382"/>
  <testcase classname="com.david.tests.TestPosts" name="testUpdatePost" time="1.817"/>
</testsuite> <!-- Posts Tests -->
