<?xml version="1.0" encoding="UTF-8"?>
<!-- Generated by org.testng.reporters.JUnitXMLReporter -->
<testsuite ignored="0" hostname="LAPTOP-93KV9PFL" failures="0" tests="11" name="Posts Tests" time="5.452" errors="0" timestamp="2025-02-21T18:17:34 CST">
  <testcase classname="com.david.tests.TestPosts" name="testDeletePost" time="2.835"/>
  <testcase classname="com.david.tests.TestPosts" name="testGetPostById" time="0.262"/>
  <testcase classname="com.david.tests.TestPosts" name="testGetPostBody" time="3.362"/>
  <testcase classname="com.david.tests.TestPosts" name="testCreatePost" time="3.387"/>
  <testcase classname="com.david.tests.TestPosts" name="testGetPostByInvalidId" time="0.72"/>
  <testcase classname="com.david.tests.TestPosts" name="testGetPostTitle" time="0.687"/>
  <testcase classname="com.david.tests.TestPosts" name="testGetPostUserId" time="0.693"/>
  <testcase classname="com.david.tests.TestPosts" name="testGetPosts" time="0.745"/>
  <testcase classname="com.david.tests.TestPosts" name="testPatchPost" time="0.764"/>
  <testcase classname="com.david.tests.TestPosts" name="testUpdatePost" time="0.8"/>
  <testcase classname="com.david.tests.TestPosts" name="testUpdatePostInvalidId" time="0.834"/>
</testsuite> <!-- Posts Tests -->
