<?xml version="1.0" encoding="UTF-8"?>
<!-- Generated by org.testng.reporters.JUnitXMLReporter -->
<testsuite ignored="0" hostname="LAPTOP-93KV9PFL" failures="0" tests="4" name="CommentsTests" time="0.334" errors="0" timestamp="2025-02-24T13:37:17 CST">
  <testcase classname="com.david.tests.TestComments" name="testGetCommentsFromPost" time="0.245"/>
  <testcase classname="com.david.tests.TestComments" name="testGetCommentsFromPostByQueryParamInvalidId" time="0.261"/>
  <testcase classname="com.david.tests.TestComments" name="testGetCommentsFromPostByQueryParam" time="0.27"/>
  <testcase classname="com.david.tests.TestComments" name="testGetCommentNameByPostId" time="0.331"/>
</testsuite> <!-- CommentsTests -->
