<?xml version="1.0" encoding="UTF-8"?>
<!-- Generated by org.testng.reporters.JUnitXMLReporter -->
<testsuite ignored="0" hostname="LAPTOP-93KV9PFL" failures="0" tests="9" name="PostsTests" time="3.169" errors="0" timestamp="2025-02-24T13:37:17 CST">
  <testcase classname="com.david.tests.TestPosts" name="testGetPostByInvalidId" time="2.076"/>
  <testcase classname="com.david.tests.TestPosts" name="testGetPostById" time="2.076"/>
  <testcase classname="com.david.tests.TestPosts" name="testDeletePost" time="2.156"/>
  <testcase classname="com.david.tests.TestPosts" name="testGetPosts" time="0.345"/>
  <testcase classname="com.david.tests.TestPosts" name="testPatchPost" time="0.676"/>
  <testcase classname="com.david.tests.TestPosts" name="testGetPostUserId" time="0.787"/>
  <testcase classname="com.david.tests.TestPosts" name="testCreatePost" time="2.866"/>
  <testcase classname="com.david.tests.TestPosts" name="testUpdatePost" time="0.445"/>
  <testcase classname="com.david.tests.TestPosts" name="testUpdatePostInvalidId" time="0.297"/>
</testsuite> <!-- PostsTests -->
